#-----------------------------------------------------------
# xsim v2022.1 (64-bit)
# SW Build 3526262 on Mon Apr 18 15:47:01 MDT 2022
# IP Build 3524634 on Mon Apr 18 20:55:01 MDT 2022
# Start of session at: Thu Oct 12 04:28:30 2023
# Process ID: 2977
# Current directory: /home/ubuntu/Desktop/lab-fir/fir
# Command line: xsim -mode tcl -source {xsim.dir/fir_tb_elab/xsim_script.tcl}
# Log file: /home/ubuntu/Desktop/lab-fir/fir/xsim.log
# Journal file: /home/ubuntu/Desktop/lab-fir/fir/xsim.jou
# Running On: ubuntu2004, OS: Linux, CPU Frequency: 2496.004 MHz, CPU Physical cores: 2, Host memory: 10425 MB
#-----------------------------------------------------------
source xsim.dir/fir_tb_elab/xsim_script.tcl
# xsim {fir_tb_elab} -autoloadwcfg -runall
Time resolution is 1 ps
run -all
----Start the coefficient input(AXI-lite)----
 Check Coefficient ...
OK: exp =           0, rdata =           0
OK: exp =         -10, rdata =         -10
OK: exp =          -9, rdata =          -9
OK: exp =          23, rdata =          23
OK: exp =          56, rdata =          56
OK: exp =          63, rdata =          63
OK: exp =          56, rdata =          56
OK: exp =          23, rdata =          23
OK: exp =          -9, rdata =          -9
OK: exp =         -10, rdata =         -10
OK: exp =           0, rdata =           0
 Tape programming done ...
----End the coefficient input(AXI-lite)----
 Start FIR
OK: exp =           4, rdata =           4
----Start the data input(AXI-Stream)----
[PASS] [Pattern          0] Golden answer:           0, Your answer:           0
[PASS] [Pattern        100] Golden answer:        9882, Your answer:        9882
[PASS] [Pattern        200] Golden answer:       -8418, Your answer:       -8418
[PASS] [Pattern        300] Golden answer:        -732, Your answer:        -732
[PASS] [Pattern        400] Golden answer:        9882, Your answer:        9882
[PASS] [Pattern        500] Golden answer:       -8418, Your answer:       -8418
[PASS] [Pattern        597] Golden answer:       -1281, Your answer:       -1281
OK: exp =           0, rdata =           0
[PASS] [Pattern        598] Golden answer:       -1098, Your answer:       -1098
------End the data input(AXI-Stream)------
[PASS] [Pattern        599] Golden answer:        -915, Your answer:        -915
OK: exp =           2, rdata =           6
OK: exp =           4, rdata =           6
---------------------------------------------
-----------Congratulations! Pass-------------
OK: exp =           4, rdata =           6
----Start the data input(AXI-Stream)----
[PASS] [Pattern          0] Golden answer:           0, Your answer:           0
[PASS] [Pattern        100] Golden answer:        9882, Your answer:        9882
[PASS] [Pattern        200] Golden answer:       -8418, Your answer:       -8418
[PASS] [Pattern        300] Golden answer:        -732, Your answer:        -732
[PASS] [Pattern        400] Golden answer:        9882, Your answer:        9882
[PASS] [Pattern        500] Golden answer:       -8418, Your answer:       -8418
[PASS] [Pattern        597] Golden answer:       -1281, Your answer:       -1281
OK: exp =           0, rdata =           0
[PASS] [Pattern        598] Golden answer:       -1098, Your answer:       -1098
------End the data input(AXI-Stream)------
[PASS] [Pattern        599] Golden answer:        -915, Your answer:        -915
OK: exp =           2, rdata =           6
OK: exp =           4, rdata =           6
---------------------------------------------
-----------Congratulations! Pass-------------
OK: exp =           4, rdata =           6
----Start the data input(AXI-Stream)----
[PASS] [Pattern          0] Golden answer:           0, Your answer:           0
[PASS] [Pattern        100] Golden answer:        9882, Your answer:        9882
[PASS] [Pattern        200] Golden answer:       -8418, Your answer:       -8418
[PASS] [Pattern        300] Golden answer:        -732, Your answer:        -732
[PASS] [Pattern        400] Golden answer:        9882, Your answer:        9882
[PASS] [Pattern        500] Golden answer:       -8418, Your answer:       -8418
[PASS] [Pattern        597] Golden answer:       -1281, Your answer:       -1281
OK: exp =           0, rdata =           0
[PASS] [Pattern        598] Golden answer:       -1098, Your answer:       -1098
------End the data input(AXI-Stream)------
[PASS] [Pattern        599] Golden answer:        -915, Your answer:        -915
OK: exp =           2, rdata =           6
OK: exp =           4, rdata =           6
---------------------------------------------
-----------Congratulations! Pass-------------
$finish called at time : 271045 ns : File "/home/ubuntu/Desktop/lab-fir/fir/fir_tb.v" Line 299
exit
INFO: [Common 17-206] Exiting xsim at Thu Oct 12 04:28:35 2023...
